2025-08-02 14:44:56.465 [background-preinit] INFO  [o.h.validator.internal.util.Version:21] - HV000001: Hibernate Validator 8.0.1.Final
2025-08-02 14:44:56.570 [restartedMain] INFO  [c.i.quote.InsuranceQuoteApplication:50] - Starting InsuranceQuoteApplication using Java 21.0.2 with PID 36920 (/home/aiworks/insurance-quote-backend/target/classes started by aiworks in /home/aiworks/insurance-quote-backend)
2025-08-02 14:44:56.572 [restartedMain] DEBUG [c.i.quote.InsuranceQuoteApplication:51] - Running with Spring Boot v3.2.0, Spring v6.1.1
2025-08-02 14:44:56.574 [restartedMain] INFO  [c.i.quote.InsuranceQuoteApplication:659] - The following 1 profile is active: "dev"
2025-08-02 14:44:56.672 [restartedMain] INFO  [o.s.b.d.e.DevToolsPropertyDefaultsPostProcessor:252] - Devtools property defaults active! Set 'spring.devtools.add-properties' to 'false' to disable
2025-08-02 14:44:56.673 [restartedMain] INFO  [o.s.b.d.e.DevToolsPropertyDefaultsPostProcessor:252] - For additional web related logging consider setting the 'logging.level.web' property to 'DEBUG'
2025-08-02 14:44:58.649 [restartedMain] INFO  [o.s.d.r.c.RepositoryConfigurationDelegate:139] - Bootstrapping Spring Data JPA repositories in DEFAULT mode.
2025-08-02 14:44:58.736 [restartedMain] INFO  [o.s.d.r.c.RepositoryConfigurationDelegate:208] - Finished Spring Data repository scanning in 75 ms. Found 3 JPA repository interfaces.
2025-08-02 14:44:59.924 [restartedMain] INFO  [o.s.b.w.e.tomcat.TomcatWebServer:108] - Tomcat initialized with port 8080 (http)
2025-08-02 14:44:59.933 [restartedMain] INFO  [o.a.coyote.http11.Http11NioProtocol:173] - Initializing ProtocolHandler ["http-nio-8080"]
2025-08-02 14:44:59.935 [restartedMain] INFO  [o.a.catalina.core.StandardService:173] - Starting service [Tomcat]
2025-08-02 14:44:59.935 [restartedMain] INFO  [o.a.catalina.core.StandardEngine:173] - Starting Servlet engine: [Apache Tomcat/10.1.16]
2025-08-02 14:44:59.991 [restartedMain] INFO  [o.a.c.c.C.[.[localhost].[/api]:173] - Initializing Spring embedded WebApplicationContext
2025-08-02 14:44:59.992 [restartedMain] INFO  [o.s.b.w.s.c.ServletWebServerApplicationContext:296] - Root WebApplicationContext: initialization completed in 3318 ms
2025-08-02 14:45:00.148 [restartedMain] INFO  [com.zaxxer.hikari.HikariDataSource:110] - HikariPool-1 - Starting...
2025-08-02 14:45:00.312 [restartedMain] INFO  [com.zaxxer.hikari.pool.HikariPool:565] - HikariPool-1 - Added connection conn0: url=jdbc:h2:mem:insurance_quote_db user=SA
2025-08-02 14:45:00.316 [restartedMain] INFO  [com.zaxxer.hikari.HikariDataSource:123] - HikariPool-1 - Start completed.
2025-08-02 14:45:00.328 [restartedMain] INFO  [o.s.b.a.h.H2ConsoleAutoConfiguration:88] - H2 console available at '/h2-console'. Database available at 'jdbc:h2:mem:insurance_quote_db'
2025-08-02 14:45:00.555 [restartedMain] INFO  [o.h.jpa.internal.util.LogHelper:31] - HHH000204: Processing PersistenceUnitInfo [name: default]
2025-08-02 14:45:00.603 [restartedMain] INFO  [org.hibernate.Version:44] - HHH000412: Hibernate ORM core version 6.3.1.Final
2025-08-02 14:45:00.635 [restartedMain] INFO  [o.h.c.i.RegionFactoryInitiator:50] - HHH000026: Second-level cache disabled
2025-08-02 14:45:00.642 [restartedMain] ERROR [o.s.o.j.LocalContainerEntityManagerFactoryBean:426] - Failed to initialize JPA EntityManagerFactory: Unable to resolve name [org.hibernate.boot.model.naming.SnakeCasePhysicalNamingStrategy] as strategy [org.hibernate.boot.model.naming.PhysicalNamingStrategy]
2025-08-02 14:45:00.643 [restartedMain] WARN  [o.s.b.w.s.c.AnnotationConfigServletWebServerApplicationContext:624] - Exception encountered during context initialization - cancelling refresh attempt: org.springframework.beans.factory.BeanCreationException: Error creating bean with name 'entityManagerFactory' defined in class path resource [org/springframework/boot/autoconfigure/orm/jpa/HibernateJpaConfiguration.class]: Unable to resolve name [org.hibernate.boot.model.naming.SnakeCasePhysicalNamingStrategy] as strategy [org.hibernate.boot.model.naming.PhysicalNamingStrategy]
2025-08-02 14:45:00.650 [restartedMain] WARN  [o.s.b.f.s.DisposableBeanAdapter:221] - Invocation of destroy method failed on bean with name 'inMemoryDatabaseShutdownExecutor': org.h2.jdbc.JdbcSQLNonTransientConnectionException: Database is already closed (to disable automatic closing at VM shutdown, add ";DB_CLOSE_ON_EXIT=FALSE" to the db URL) [90121-224]
2025-08-02 14:45:00.650 [restartedMain] INFO  [com.zaxxer.hikari.HikariDataSource:350] - HikariPool-1 - Shutdown initiated...
2025-08-02 14:45:00.653 [restartedMain] INFO  [com.zaxxer.hikari.HikariDataSource:352] - HikariPool-1 - Shutdown completed.
2025-08-02 14:45:00.656 [restartedMain] INFO  [o.a.catalina.core.StandardService:173] - Stopping service [Tomcat]
2025-08-02 14:45:00.678 [restartedMain] INFO  [o.s.b.a.l.ConditionEvaluationReportLogger:82] - 

Error starting ApplicationContext. To display the condition evaluation report re-run your application with 'debug' enabled.
2025-08-02 14:45:00.703 [restartedMain] ERROR [o.s.boot.SpringApplication:839] - Application run failed
org.springframework.beans.factory.BeanCreationException: Error creating bean with name 'entityManagerFactory' defined in class path resource [org/springframework/boot/autoconfigure/orm/jpa/HibernateJpaConfiguration.class]: Unable to resolve name [org.hibernate.boot.model.naming.SnakeCasePhysicalNamingStrategy] as strategy [org.hibernate.boot.model.naming.PhysicalNamingStrategy]
	at org.springframework.beans.factory.support.AbstractAutowireCapableBeanFactory.initializeBean(AbstractAutowireCapableBeanFactory.java:1775)
	at org.springframework.beans.factory.support.AbstractAutowireCapableBeanFactory.doCreateBean(AbstractAutowireCapableBeanFactory.java:601)
	at org.springframework.beans.factory.support.AbstractAutowireCapableBeanFactory.createBean(AbstractAutowireCapableBeanFactory.java:523)
	at org.springframework.beans.factory.support.AbstractBeanFactory.lambda$doGetBean$0(AbstractBeanFactory.java:325)
	at org.springframework.beans.factory.support.DefaultSingletonBeanRegistry.getSingleton(DefaultSingletonBeanRegistry.java:234)
	at org.springframework.beans.factory.support.AbstractBeanFactory.doGetBean(AbstractBeanFactory.java:323)
	at org.springframework.beans.factory.support.AbstractBeanFactory.getBean(AbstractBeanFactory.java:199)
	at org.springframework.context.support.AbstractApplicationContext.getBean(AbstractApplicationContext.java:1173)
	at org.springframework.context.support.AbstractApplicationContext.finishBeanFactoryInitialization(AbstractApplicationContext.java:936)
	at org.springframework.context.support.AbstractApplicationContext.refresh(AbstractApplicationContext.java:616)
	at org.springframework.boot.web.servlet.context.ServletWebServerApplicationContext.refresh(ServletWebServerApplicationContext.java:146)
	at org.springframework.boot.SpringApplication.refresh(SpringApplication.java:753)
	at org.springframework.boot.SpringApplication.refreshContext(SpringApplication.java:455)
	at org.springframework.boot.SpringApplication.run(SpringApplication.java:323)
	at org.springframework.boot.SpringApplication.run(SpringApplication.java:1342)
	at org.springframework.boot.SpringApplication.run(SpringApplication.java:1331)
	at com.insurance.quote.InsuranceQuoteApplication.main(InsuranceQuoteApplication.java:27)
	at java.base/jdk.internal.reflect.DirectMethodHandleAccessor.invoke(DirectMethodHandleAccessor.java:103)
	at java.base/java.lang.reflect.Method.invoke(Method.java:580)
	at org.springframework.boot.devtools.restart.RestartLauncher.run(RestartLauncher.java:50)
Caused by: org.hibernate.boot.registry.selector.spi.StrategySelectionException: Unable to resolve name [org.hibernate.boot.model.naming.SnakeCasePhysicalNamingStrategy] as strategy [org.hibernate.boot.model.naming.PhysicalNamingStrategy]
	at org.hibernate.boot.registry.selector.internal.StrategySelectorImpl.selectStrategyImplementor(StrategySelectorImpl.java:154)
	at org.hibernate.boot.registry.selector.internal.StrategySelectorImpl.resolveStrategy(StrategySelectorImpl.java:236)
	at org.hibernate.boot.registry.selector.internal.StrategySelectorImpl.resolveDefaultableStrategy(StrategySelectorImpl.java:180)
	at org.hibernate.boot.registry.selector.internal.StrategySelectorImpl.resolveDefaultableStrategy(StrategySelectorImpl.java:167)
	at org.hibernate.boot.internal.MetadataBuilderImpl$MetadataBuildingOptionsImpl.<init>(MetadataBuilderImpl.java:740)
	at org.hibernate.boot.internal.MetadataBuilderImpl.<init>(MetadataBuilderImpl.java:140)
	at org.hibernate.boot.MetadataSources.getMetadataBuilder(MetadataSources.java:164)
	at org.hibernate.jpa.boot.internal.EntityManagerFactoryBuilderImpl.<init>(EntityManagerFactoryBuilderImpl.java:277)
	at org.hibernate.jpa.boot.internal.EntityManagerFactoryBuilderImpl.<init>(EntityManagerFactoryBuilderImpl.java:198)
	at org.springframework.orm.jpa.vendor.SpringHibernateJpaPersistenceProvider.createContainerEntityManagerFactory(SpringHibernateJpaPersistenceProvider.java:63)
	at org.springframework.orm.jpa.LocalContainerEntityManagerFactoryBean.createNativeEntityManagerFactory(LocalContainerEntityManagerFactoryBean.java:376)
	at org.springframework.orm.jpa.AbstractEntityManagerFactoryBean.buildNativeEntityManagerFactory(AbstractEntityManagerFactoryBean.java:409)
	at org.springframework.orm.jpa.AbstractEntityManagerFactoryBean.afterPropertiesSet(AbstractEntityManagerFactoryBean.java:396)
	at org.springframework.orm.jpa.LocalContainerEntityManagerFactoryBean.afterPropertiesSet(LocalContainerEntityManagerFactoryBean.java:352)
	at org.springframework.beans.factory.support.AbstractAutowireCapableBeanFactory.invokeInitMethods(AbstractAutowireCapableBeanFactory.java:1822)
	at org.springframework.beans.factory.support.AbstractAutowireCapableBeanFactory.initializeBean(AbstractAutowireCapableBeanFactory.java:1771)
	... 19 common frames omitted
Caused by: org.hibernate.boot.registry.classloading.spi.ClassLoadingException: Unable to load class [org.hibernate.boot.model.naming.SnakeCasePhysicalNamingStrategy]
	at org.hibernate.boot.registry.classloading.internal.ClassLoaderServiceImpl.classForName(ClassLoaderServiceImpl.java:126)
	at org.hibernate.boot.registry.selector.internal.StrategySelectorImpl.selectStrategyImplementor(StrategySelectorImpl.java:150)
	... 34 common frames omitted
Caused by: java.lang.ClassNotFoundException: Could not load requested class : org.hibernate.boot.model.naming.SnakeCasePhysicalNamingStrategy
	at org.hibernate.boot.registry.classloading.internal.AggregatedClassLoader.findClass(AggregatedClassLoader.java:216)
	at java.base/java.lang.ClassLoader.loadClass(ClassLoader.java:593)
	at java.base/java.lang.ClassLoader.loadClass(ClassLoader.java:526)
	at java.base/java.lang.Class.forName0(Native Method)
	at java.base/java.lang.Class.forName(Class.java:534)
	at java.base/java.lang.Class.forName(Class.java:513)
	at org.hibernate.boot.registry.classloading.internal.ClassLoaderServiceImpl.classForName(ClassLoaderServiceImpl.java:123)
	... 35 common frames omitted
Caused by: java.lang.Throwable: null
	at org.hibernate.boot.registry.classloading.internal.AggregatedClassLoader.findClass(AggregatedClassLoader.java:209)
	... 41 common frames omitted
	Suppressed: java.lang.ClassNotFoundException: org.hibernate.boot.model.naming.SnakeCasePhysicalNamingStrategy
		at java.base/jdk.internal.loader.BuiltinClassLoader.loadClass(BuiltinClassLoader.java:641)
		at java.base/jdk.internal.loader.ClassLoaders$AppClassLoader.loadClass(ClassLoaders.java:188)
		at java.base/java.lang.ClassLoader.loadClass(ClassLoader.java:526)
		at java.base/java.lang.Class.forName0(Native Method)
		at java.base/java.lang.Class.forName(Class.java:534)
		at java.base/java.lang.Class.forName(Class.java:513)
		at org.springframework.boot.devtools.restart.classloader.RestartClassLoader.loadClass(RestartClassLoader.java:121)
		at java.base/java.lang.ClassLoader.loadClass(ClassLoader.java:526)
		at org.hibernate.boot.registry.classloading.internal.AggregatedClassLoader.findClass(AggregatedClassLoader.java:206)
		... 41 common frames omitted
	Suppressed: java.lang.ClassNotFoundException: org.hibernate.boot.model.naming.SnakeCasePhysicalNamingStrategy
		at java.base/jdk.internal.loader.BuiltinClassLoader.loadClass(BuiltinClassLoader.java:641)
		at java.base/jdk.internal.loader.ClassLoaders$AppClassLoader.loadClass(ClassLoaders.java:188)
		at java.base/java.lang.ClassLoader.loadClass(ClassLoader.java:526)
		at org.hibernate.boot.registry.classloading.internal.AggregatedClassLoader.findClass(AggregatedClassLoader.java:206)
		... 41 common frames omitted
	Suppressed: java.lang.ClassNotFoundException: org.hibernate.boot.model.naming.SnakeCasePhysicalNamingStrategy
		at java.base/jdk.internal.loader.BuiltinClassLoader.loadClass(BuiltinClassLoader.java:641)
		at java.base/jdk.internal.loader.ClassLoaders$AppClassLoader.loadClass(ClassLoaders.java:188)
		at java.base/java.lang.ClassLoader.loadClass(ClassLoader.java:526)
		at java.base/java.lang.Class.forName0(Native Method)
		at java.base/java.lang.Class.forName(Class.java:534)
		at java.base/java.lang.Class.forName(Class.java:513)
		at org.springframework.boot.devtools.restart.classloader.RestartClassLoader.loadClass(RestartClassLoader.java:121)
		at java.base/java.lang.ClassLoader.loadClass(ClassLoader.java:526)
		at org.hibernate.boot.registry.classloading.internal.AggregatedClassLoader.findClass(AggregatedClassLoader.java:206)
		... 41 common frames omitted
	Suppressed: java.lang.ClassNotFoundException: org.hibernate.boot.model.naming.SnakeCasePhysicalNamingStrategy
		at java.base/jdk.internal.loader.BuiltinClassLoader.loadClass(BuiltinClassLoader.java:641)
		at java.base/jdk.internal.loader.ClassLoaders$AppClassLoader.loadClass(ClassLoaders.java:188)
		at java.base/java.lang.ClassLoader.loadClass(ClassLoader.java:526)
		at org.hibernate.boot.registry.classloading.internal.AggregatedClassLoader.findClass(AggregatedClassLoader.java:206)
		... 41 common frames omitted
2025-08-02 16:02:30.154 [background-preinit] INFO  [o.h.validator.internal.util.Version:21] - HV000001: Hibernate Validator 8.0.1.Final
2025-08-02 16:02:30.193 [restartedMain] INFO  [c.i.quote.InsuranceQuoteApplication:50] - Starting InsuranceQuoteApplication using Java 21.0.2 with PID 103192 (/home/aiworks/insurance-quote-backend/target/classes started by aiworks in /home/aiworks/insurance-quote-backend)
2025-08-02 16:02:30.194 [restartedMain] DEBUG [c.i.quote.InsuranceQuoteApplication:51] - Running with Spring Boot v3.2.0, Spring v6.1.1
2025-08-02 16:02:30.194 [restartedMain] INFO  [c.i.quote.InsuranceQuoteApplication:659] - The following 1 profile is active: "dev"
2025-08-02 16:02:30.231 [restartedMain] INFO  [o.s.b.d.e.DevToolsPropertyDefaultsPostProcessor:252] - Devtools property defaults active! Set 'spring.devtools.add-properties' to 'false' to disable
2025-08-02 16:02:30.232 [restartedMain] INFO  [o.s.b.d.e.DevToolsPropertyDefaultsPostProcessor:252] - For additional web related logging consider setting the 'logging.level.web' property to 'DEBUG'
2025-08-02 16:02:31.089 [restartedMain] INFO  [o.s.d.r.c.RepositoryConfigurationDelegate:139] - Bootstrapping Spring Data JPA repositories in DEFAULT mode.
2025-08-02 16:02:31.131 [restartedMain] INFO  [o.s.d.r.c.RepositoryConfigurationDelegate:208] - Finished Spring Data repository scanning in 36 ms. Found 3 JPA repository interfaces.
2025-08-02 16:02:31.761 [restartedMain] INFO  [o.s.b.w.e.tomcat.TomcatWebServer:108] - Tomcat initialized with port 8080 (http)
2025-08-02 16:02:31.768 [restartedMain] INFO  [o.a.coyote.http11.Http11NioProtocol:173] - Initializing ProtocolHandler ["http-nio-8080"]
2025-08-02 16:02:31.770 [restartedMain] INFO  [o.a.catalina.core.StandardService:173] - Starting service [Tomcat]
2025-08-02 16:02:31.771 [restartedMain] INFO  [o.a.catalina.core.StandardEngine:173] - Starting Servlet engine: [Apache Tomcat/10.1.16]
2025-08-02 16:02:31.813 [restartedMain] INFO  [o.a.c.c.C.[.[localhost].[/api]:173] - Initializing Spring embedded WebApplicationContext
2025-08-02 16:02:31.813 [restartedMain] INFO  [o.s.b.w.s.c.ServletWebServerApplicationContext:296] - Root WebApplicationContext: initialization completed in 1581 ms
2025-08-02 16:02:31.918 [restartedMain] INFO  [com.zaxxer.hikari.HikariDataSource:110] - HikariPool-1 - Starting...
2025-08-02 16:02:32.061 [restartedMain] INFO  [com.zaxxer.hikari.pool.HikariPool:565] - HikariPool-1 - Added connection conn0: url=jdbc:h2:mem:insurance_quote_db user=SA
2025-08-02 16:02:32.062 [restartedMain] INFO  [com.zaxxer.hikari.HikariDataSource:123] - HikariPool-1 - Start completed.
2025-08-02 16:02:32.068 [restartedMain] INFO  [o.s.b.a.h.H2ConsoleAutoConfiguration:88] - H2 console available at '/h2-console'. Database available at 'jdbc:h2:mem:insurance_quote_db'
2025-08-02 16:02:32.226 [restartedMain] INFO  [o.h.jpa.internal.util.LogHelper:31] - HHH000204: Processing PersistenceUnitInfo [name: default]
2025-08-02 16:02:32.293 [restartedMain] INFO  [org.hibernate.Version:44] - HHH000412: Hibernate ORM core version 6.3.1.Final
2025-08-02 16:02:32.324 [restartedMain] INFO  [o.h.c.i.RegionFactoryInitiator:50] - HHH000026: Second-level cache disabled
2025-08-02 16:02:32.329 [restartedMain] ERROR [o.s.o.j.LocalContainerEntityManagerFactoryBean:426] - Failed to initialize JPA EntityManagerFactory: Unable to resolve name [org.hibernate.boot.model.naming.SnakeCasePhysicalNamingStrategy] as strategy [org.hibernate.boot.model.naming.PhysicalNamingStrategy]
2025-08-02 16:02:32.330 [restartedMain] WARN  [o.s.b.w.s.c.AnnotationConfigServletWebServerApplicationContext:624] - Exception encountered during context initialization - cancelling refresh attempt: org.springframework.beans.factory.BeanCreationException: Error creating bean with name 'entityManagerFactory' defined in class path resource [org/springframework/boot/autoconfigure/orm/jpa/HibernateJpaConfiguration.class]: Unable to resolve name [org.hibernate.boot.model.naming.SnakeCasePhysicalNamingStrategy] as strategy [org.hibernate.boot.model.naming.PhysicalNamingStrategy]
2025-08-02 16:02:32.334 [restartedMain] WARN  [o.s.b.f.s.DisposableBeanAdapter:221] - Invocation of destroy method failed on bean with name 'inMemoryDatabaseShutdownExecutor': org.h2.jdbc.JdbcSQLNonTransientConnectionException: Database is already closed (to disable automatic closing at VM shutdown, add ";DB_CLOSE_ON_EXIT=FALSE" to the db URL) [90121-224]
2025-08-02 16:02:32.334 [restartedMain] INFO  [com.zaxxer.hikari.HikariDataSource:350] - HikariPool-1 - Shutdown initiated...
2025-08-02 16:02:32.336 [restartedMain] INFO  [com.zaxxer.hikari.HikariDataSource:352] - HikariPool-1 - Shutdown completed.
2025-08-02 16:02:32.337 [restartedMain] INFO  [o.a.catalina.core.StandardService:173] - Stopping service [Tomcat]
2025-08-02 16:02:32.350 [restartedMain] INFO  [o.s.b.a.l.ConditionEvaluationReportLogger:82] - 

Error starting ApplicationContext. To display the condition evaluation report re-run your application with 'debug' enabled.
2025-08-02 16:02:32.364 [restartedMain] ERROR [o.s.boot.SpringApplication:839] - Application run failed
org.springframework.beans.factory.BeanCreationException: Error creating bean with name 'entityManagerFactory' defined in class path resource [org/springframework/boot/autoconfigure/orm/jpa/HibernateJpaConfiguration.class]: Unable to resolve name [org.hibernate.boot.model.naming.SnakeCasePhysicalNamingStrategy] as strategy [org.hibernate.boot.model.naming.PhysicalNamingStrategy]
	at org.springframework.beans.factory.support.AbstractAutowireCapableBeanFactory.initializeBean(AbstractAutowireCapableBeanFactory.java:1775)
	at org.springframework.beans.factory.support.AbstractAutowireCapableBeanFactory.doCreateBean(AbstractAutowireCapableBeanFactory.java:601)
	at org.springframework.beans.factory.support.AbstractAutowireCapableBeanFactory.createBean(AbstractAutowireCapableBeanFactory.java:523)
	at org.springframework.beans.factory.support.AbstractBeanFactory.lambda$doGetBean$0(AbstractBeanFactory.java:325)
	at org.springframework.beans.factory.support.DefaultSingletonBeanRegistry.getSingleton(DefaultSingletonBeanRegistry.java:234)
	at org.springframework.beans.factory.support.AbstractBeanFactory.doGetBean(AbstractBeanFactory.java:323)
	at org.springframework.beans.factory.support.AbstractBeanFactory.getBean(AbstractBeanFactory.java:199)
	at org.springframework.context.support.AbstractApplicationContext.getBean(AbstractApplicationContext.java:1173)
	at org.springframework.context.support.AbstractApplicationContext.finishBeanFactoryInitialization(AbstractApplicationContext.java:936)
	at org.springframework.context.support.AbstractApplicationContext.refresh(AbstractApplicationContext.java:616)
	at org.springframework.boot.web.servlet.context.ServletWebServerApplicationContext.refresh(ServletWebServerApplicationContext.java:146)
	at org.springframework.boot.SpringApplication.refresh(SpringApplication.java:753)
	at org.springframework.boot.SpringApplication.refreshContext(SpringApplication.java:455)
	at org.springframework.boot.SpringApplication.run(SpringApplication.java:323)
	at org.springframework.boot.SpringApplication.run(SpringApplication.java:1342)
	at org.springframework.boot.SpringApplication.run(SpringApplication.java:1331)
	at com.insurance.quote.InsuranceQuoteApplication.main(InsuranceQuoteApplication.java:27)
	at java.base/jdk.internal.reflect.DirectMethodHandleAccessor.invoke(DirectMethodHandleAccessor.java:103)
	at java.base/java.lang.reflect.Method.invoke(Method.java:580)
	at org.springframework.boot.devtools.restart.RestartLauncher.run(RestartLauncher.java:50)
Caused by: org.hibernate.boot.registry.selector.spi.StrategySelectionException: Unable to resolve name [org.hibernate.boot.model.naming.SnakeCasePhysicalNamingStrategy] as strategy [org.hibernate.boot.model.naming.PhysicalNamingStrategy]
	at org.hibernate.boot.registry.selector.internal.StrategySelectorImpl.selectStrategyImplementor(StrategySelectorImpl.java:154)
	at org.hibernate.boot.registry.selector.internal.StrategySelectorImpl.resolveStrategy(StrategySelectorImpl.java:236)
	at org.hibernate.boot.registry.selector.internal.StrategySelectorImpl.resolveDefaultableStrategy(StrategySelectorImpl.java:180)
	at org.hibernate.boot.registry.selector.internal.StrategySelectorImpl.resolveDefaultableStrategy(StrategySelectorImpl.java:167)
	at org.hibernate.boot.internal.MetadataBuilderImpl$MetadataBuildingOptionsImpl.<init>(MetadataBuilderImpl.java:740)
	at org.hibernate.boot.internal.MetadataBuilderImpl.<init>(MetadataBuilderImpl.java:140)
	at org.hibernate.boot.MetadataSources.getMetadataBuilder(MetadataSources.java:164)
	at org.hibernate.jpa.boot.internal.EntityManagerFactoryBuilderImpl.<init>(EntityManagerFactoryBuilderImpl.java:277)
	at org.hibernate.jpa.boot.internal.EntityManagerFactoryBuilderImpl.<init>(EntityManagerFactoryBuilderImpl.java:198)
	at org.springframework.orm.jpa.vendor.SpringHibernateJpaPersistenceProvider.createContainerEntityManagerFactory(SpringHibernateJpaPersistenceProvider.java:63)
	at org.springframework.orm.jpa.LocalContainerEntityManagerFactoryBean.createNativeEntityManagerFactory(LocalContainerEntityManagerFactoryBean.java:376)
	at org.springframework.orm.jpa.AbstractEntityManagerFactoryBean.buildNativeEntityManagerFactory(AbstractEntityManagerFactoryBean.java:409)
	at org.springframework.orm.jpa.AbstractEntityManagerFactoryBean.afterPropertiesSet(AbstractEntityManagerFactoryBean.java:396)
	at org.springframework.orm.jpa.LocalContainerEntityManagerFactoryBean.afterPropertiesSet(LocalContainerEntityManagerFactoryBean.java:352)
	at org.springframework.beans.factory.support.AbstractAutowireCapableBeanFactory.invokeInitMethods(AbstractAutowireCapableBeanFactory.java:1822)
	at org.springframework.beans.factory.support.AbstractAutowireCapableBeanFactory.initializeBean(AbstractAutowireCapableBeanFactory.java:1771)
	... 19 common frames omitted
Caused by: org.hibernate.boot.registry.classloading.spi.ClassLoadingException: Unable to load class [org.hibernate.boot.model.naming.SnakeCasePhysicalNamingStrategy]
	at org.hibernate.boot.registry.classloading.internal.ClassLoaderServiceImpl.classForName(ClassLoaderServiceImpl.java:126)
	at org.hibernate.boot.registry.selector.internal.StrategySelectorImpl.selectStrategyImplementor(StrategySelectorImpl.java:150)
	... 34 common frames omitted
Caused by: java.lang.ClassNotFoundException: Could not load requested class : org.hibernate.boot.model.naming.SnakeCasePhysicalNamingStrategy
	at org.hibernate.boot.registry.classloading.internal.AggregatedClassLoader.findClass(AggregatedClassLoader.java:216)
	at java.base/java.lang.ClassLoader.loadClass(ClassLoader.java:593)
	at java.base/java.lang.ClassLoader.loadClass(ClassLoader.java:526)
	at java.base/java.lang.Class.forName0(Native Method)
	at java.base/java.lang.Class.forName(Class.java:534)
	at java.base/java.lang.Class.forName(Class.java:513)
	at org.hibernate.boot.registry.classloading.internal.ClassLoaderServiceImpl.classForName(ClassLoaderServiceImpl.java:123)
	... 35 common frames omitted
Caused by: java.lang.Throwable: null
	at org.hibernate.boot.registry.classloading.internal.AggregatedClassLoader.findClass(AggregatedClassLoader.java:209)
	... 41 common frames omitted
	Suppressed: java.lang.ClassNotFoundException: org.hibernate.boot.model.naming.SnakeCasePhysicalNamingStrategy
		at java.base/jdk.internal.loader.BuiltinClassLoader.loadClass(BuiltinClassLoader.java:641)
		at java.base/jdk.internal.loader.ClassLoaders$AppClassLoader.loadClass(ClassLoaders.java:188)
		at java.base/java.lang.ClassLoader.loadClass(ClassLoader.java:526)
		at java.base/java.lang.Class.forName0(Native Method)
		at java.base/java.lang.Class.forName(Class.java:534)
		at java.base/java.lang.Class.forName(Class.java:513)
		at org.springframework.boot.devtools.restart.classloader.RestartClassLoader.loadClass(RestartClassLoader.java:121)
		at java.base/java.lang.ClassLoader.loadClass(ClassLoader.java:526)
		at org.hibernate.boot.registry.classloading.internal.AggregatedClassLoader.findClass(AggregatedClassLoader.java:206)
		... 41 common frames omitted
	Suppressed: java.lang.ClassNotFoundException: org.hibernate.boot.model.naming.SnakeCasePhysicalNamingStrategy
		at java.base/jdk.internal.loader.BuiltinClassLoader.loadClass(BuiltinClassLoader.java:641)
		at java.base/jdk.internal.loader.ClassLoaders$AppClassLoader.loadClass(ClassLoaders.java:188)
		at java.base/java.lang.ClassLoader.loadClass(ClassLoader.java:526)
		at org.hibernate.boot.registry.classloading.internal.AggregatedClassLoader.findClass(AggregatedClassLoader.java:206)
		... 41 common frames omitted
	Suppressed: java.lang.ClassNotFoundException: org.hibernate.boot.model.naming.SnakeCasePhysicalNamingStrategy
		at java.base/jdk.internal.loader.BuiltinClassLoader.loadClass(BuiltinClassLoader.java:641)
		at java.base/jdk.internal.loader.ClassLoaders$AppClassLoader.loadClass(ClassLoaders.java:188)
		at java.base/java.lang.ClassLoader.loadClass(ClassLoader.java:526)
		at java.base/java.lang.Class.forName0(Native Method)
		at java.base/java.lang.Class.forName(Class.java:534)
		at java.base/java.lang.Class.forName(Class.java:513)
		at org.springframework.boot.devtools.restart.classloader.RestartClassLoader.loadClass(RestartClassLoader.java:121)
		at java.base/java.lang.ClassLoader.loadClass(ClassLoader.java:526)
		at org.hibernate.boot.registry.classloading.internal.AggregatedClassLoader.findClass(AggregatedClassLoader.java:206)
		... 41 common frames omitted
	Suppressed: java.lang.ClassNotFoundException: org.hibernate.boot.model.naming.SnakeCasePhysicalNamingStrategy
		at java.base/jdk.internal.loader.BuiltinClassLoader.loadClass(BuiltinClassLoader.java:641)
		at java.base/jdk.internal.loader.ClassLoaders$AppClassLoader.loadClass(ClassLoaders.java:188)
		at java.base/java.lang.ClassLoader.loadClass(ClassLoader.java:526)
		at org.hibernate.boot.registry.classloading.internal.AggregatedClassLoader.findClass(AggregatedClassLoader.java:206)
		... 41 common frames omitted
2025-08-02 16:03:23.188 [background-preinit] INFO  [o.h.validator.internal.util.Version:21] - HV000001: Hibernate Validator 8.0.1.Final
2025-08-02 16:03:23.213 [restartedMain] INFO  [c.i.quote.InsuranceQuoteApplication:50] - Starting InsuranceQuoteApplication using Java 21.0.2 with PID 103866 (/home/aiworks/insurance-quote-backend/target/classes started by aiworks in /home/aiworks/insurance-quote-backend)
2025-08-02 16:03:23.214 [restartedMain] DEBUG [c.i.quote.InsuranceQuoteApplication:51] - Running with Spring Boot v3.2.0, Spring v6.1.1
2025-08-02 16:03:23.215 [restartedMain] INFO  [c.i.quote.InsuranceQuoteApplication:659] - The following 1 profile is active: "dev"
2025-08-02 16:03:23.246 [restartedMain] INFO  [o.s.b.d.e.DevToolsPropertyDefaultsPostProcessor:252] - Devtools property defaults active! Set 'spring.devtools.add-properties' to 'false' to disable
2025-08-02 16:03:23.246 [restartedMain] INFO  [o.s.b.d.e.DevToolsPropertyDefaultsPostProcessor:252] - For additional web related logging consider setting the 'logging.level.web' property to 'DEBUG'
2025-08-02 16:03:23.869 [restartedMain] INFO  [o.s.d.r.c.RepositoryConfigurationDelegate:139] - Bootstrapping Spring Data JPA repositories in DEFAULT mode.
2025-08-02 16:03:23.904 [restartedMain] INFO  [o.s.d.r.c.RepositoryConfigurationDelegate:208] - Finished Spring Data repository scanning in 31 ms. Found 3 JPA repository interfaces.
2025-08-02 16:03:24.394 [restartedMain] INFO  [o.s.b.w.e.tomcat.TomcatWebServer:108] - Tomcat initialized with port 8080 (http)
2025-08-02 16:03:24.398 [restartedMain] INFO  [o.a.coyote.http11.Http11NioProtocol:173] - Initializing ProtocolHandler ["http-nio-8080"]
2025-08-02 16:03:24.400 [restartedMain] INFO  [o.a.catalina.core.StandardService:173] - Starting service [Tomcat]
2025-08-02 16:03:24.400 [restartedMain] INFO  [o.a.catalina.core.StandardEngine:173] - Starting Servlet engine: [Apache Tomcat/10.1.16]
2025-08-02 16:03:24.439 [restartedMain] INFO  [o.a.c.c.C.[.[localhost].[/api]:173] - Initializing Spring embedded WebApplicationContext
2025-08-02 16:03:24.440 [restartedMain] INFO  [o.s.b.w.s.c.ServletWebServerApplicationContext:296] - Root WebApplicationContext: initialization completed in 1194 ms
2025-08-02 16:03:24.529 [restartedMain] INFO  [com.zaxxer.hikari.HikariDataSource:110] - HikariPool-1 - Starting...
2025-08-02 16:03:24.637 [restartedMain] INFO  [com.zaxxer.hikari.pool.HikariPool:565] - HikariPool-1 - Added connection conn0: url=jdbc:h2:mem:insurance_quote_db user=SA
2025-08-02 16:03:24.639 [restartedMain] INFO  [com.zaxxer.hikari.HikariDataSource:123] - HikariPool-1 - Start completed.
2025-08-02 16:03:24.645 [restartedMain] INFO  [o.s.b.a.h.H2ConsoleAutoConfiguration:88] - H2 console available at '/h2-console'. Database available at 'jdbc:h2:mem:insurance_quote_db'
2025-08-02 16:03:24.766 [restartedMain] INFO  [o.h.jpa.internal.util.LogHelper:31] - HHH000204: Processing PersistenceUnitInfo [name: default]
2025-08-02 16:03:24.795 [restartedMain] INFO  [org.hibernate.Version:44] - HHH000412: Hibernate ORM core version 6.3.1.Final
2025-08-02 16:03:24.812 [restartedMain] INFO  [o.h.c.i.RegionFactoryInitiator:50] - HHH000026: Second-level cache disabled
2025-08-02 16:03:24.816 [restartedMain] ERROR [o.s.o.j.LocalContainerEntityManagerFactoryBean:426] - Failed to initialize JPA EntityManagerFactory: Unable to resolve name [org.hibernate.boot.model.naming.SnakeCasePhysicalNamingStrategy] as strategy [org.hibernate.boot.model.naming.PhysicalNamingStrategy]
2025-08-02 16:03:24.817 [restartedMain] WARN  [o.s.b.w.s.c.AnnotationConfigServletWebServerApplicationContext:624] - Exception encountered during context initialization - cancelling refresh attempt: org.springframework.beans.factory.BeanCreationException: Error creating bean with name 'entityManagerFactory' defined in class path resource [org/springframework/boot/autoconfigure/orm/jpa/HibernateJpaConfiguration.class]: Unable to resolve name [org.hibernate.boot.model.naming.SnakeCasePhysicalNamingStrategy] as strategy [org.hibernate.boot.model.naming.PhysicalNamingStrategy]
2025-08-02 16:03:24.821 [restartedMain] WARN  [o.s.b.f.s.DisposableBeanAdapter:221] - Invocation of destroy method failed on bean with name 'inMemoryDatabaseShutdownExecutor': org.h2.jdbc.JdbcSQLNonTransientConnectionException: Database is already closed (to disable automatic closing at VM shutdown, add ";DB_CLOSE_ON_EXIT=FALSE" to the db URL) [90121-224]
2025-08-02 16:03:24.822 [restartedMain] INFO  [com.zaxxer.hikari.HikariDataSource:350] - HikariPool-1 - Shutdown initiated...
2025-08-02 16:03:24.824 [restartedMain] INFO  [com.zaxxer.hikari.HikariDataSource:352] - HikariPool-1 - Shutdown completed.
2025-08-02 16:03:24.825 [restartedMain] INFO  [o.a.catalina.core.StandardService:173] - Stopping service [Tomcat]
2025-08-02 16:03:24.836 [restartedMain] INFO  [o.s.b.a.l.ConditionEvaluationReportLogger:82] - 

Error starting ApplicationContext. To display the condition evaluation report re-run your application with 'debug' enabled.
2025-08-02 16:03:24.847 [restartedMain] ERROR [o.s.boot.SpringApplication:839] - Application run failed
org.springframework.beans.factory.BeanCreationException: Error creating bean with name 'entityManagerFactory' defined in class path resource [org/springframework/boot/autoconfigure/orm/jpa/HibernateJpaConfiguration.class]: Unable to resolve name [org.hibernate.boot.model.naming.SnakeCasePhysicalNamingStrategy] as strategy [org.hibernate.boot.model.naming.PhysicalNamingStrategy]
	at org.springframework.beans.factory.support.AbstractAutowireCapableBeanFactory.initializeBean(AbstractAutowireCapableBeanFactory.java:1775)
	at org.springframework.beans.factory.support.AbstractAutowireCapableBeanFactory.doCreateBean(AbstractAutowireCapableBeanFactory.java:601)
	at org.springframework.beans.factory.support.AbstractAutowireCapableBeanFactory.createBean(AbstractAutowireCapableBeanFactory.java:523)
	at org.springframework.beans.factory.support.AbstractBeanFactory.lambda$doGetBean$0(AbstractBeanFactory.java:325)
	at org.springframework.beans.factory.support.DefaultSingletonBeanRegistry.getSingleton(DefaultSingletonBeanRegistry.java:234)
	at org.springframework.beans.factory.support.AbstractBeanFactory.doGetBean(AbstractBeanFactory.java:323)
	at org.springframework.beans.factory.support.AbstractBeanFactory.getBean(AbstractBeanFactory.java:199)
	at org.springframework.context.support.AbstractApplicationContext.getBean(AbstractApplicationContext.java:1173)
	at org.springframework.context.support.AbstractApplicationContext.finishBeanFactoryInitialization(AbstractApplicationContext.java:936)
	at org.springframework.context.support.AbstractApplicationContext.refresh(AbstractApplicationContext.java:616)
	at org.springframework.boot.web.servlet.context.ServletWebServerApplicationContext.refresh(ServletWebServerApplicationContext.java:146)
	at org.springframework.boot.SpringApplication.refresh(SpringApplication.java:753)
	at org.springframework.boot.SpringApplication.refreshContext(SpringApplication.java:455)
	at org.springframework.boot.SpringApplication.run(SpringApplication.java:323)
	at org.springframework.boot.SpringApplication.run(SpringApplication.java:1342)
	at org.springframework.boot.SpringApplication.run(SpringApplication.java:1331)
	at com.insurance.quote.InsuranceQuoteApplication.main(InsuranceQuoteApplication.java:27)
	at java.base/jdk.internal.reflect.DirectMethodHandleAccessor.invoke(DirectMethodHandleAccessor.java:103)
	at java.base/java.lang.reflect.Method.invoke(Method.java:580)
	at org.springframework.boot.devtools.restart.RestartLauncher.run(RestartLauncher.java:50)
Caused by: org.hibernate.boot.registry.selector.spi.StrategySelectionException: Unable to resolve name [org.hibernate.boot.model.naming.SnakeCasePhysicalNamingStrategy] as strategy [org.hibernate.boot.model.naming.PhysicalNamingStrategy]
	at org.hibernate.boot.registry.selector.internal.StrategySelectorImpl.selectStrategyImplementor(StrategySelectorImpl.java:154)
	at org.hibernate.boot.registry.selector.internal.StrategySelectorImpl.resolveStrategy(StrategySelectorImpl.java:236)
	at org.hibernate.boot.registry.selector.internal.StrategySelectorImpl.resolveDefaultableStrategy(StrategySelectorImpl.java:180)
	at org.hibernate.boot.registry.selector.internal.StrategySelectorImpl.resolveDefaultableStrategy(StrategySelectorImpl.java:167)
	at org.hibernate.boot.internal.MetadataBuilderImpl$MetadataBuildingOptionsImpl.<init>(MetadataBuilderImpl.java:740)
	at org.hibernate.boot.internal.MetadataBuilderImpl.<init>(MetadataBuilderImpl.java:140)
	at org.hibernate.boot.MetadataSources.getMetadataBuilder(MetadataSources.java:164)
	at org.hibernate.jpa.boot.internal.EntityManagerFactoryBuilderImpl.<init>(EntityManagerFactoryBuilderImpl.java:277)
	at org.hibernate.jpa.boot.internal.EntityManagerFactoryBuilderImpl.<init>(EntityManagerFactoryBuilderImpl.java:198)
	at org.springframework.orm.jpa.vendor.SpringHibernateJpaPersistenceProvider.createContainerEntityManagerFactory(SpringHibernateJpaPersistenceProvider.java:63)
	at org.springframework.orm.jpa.LocalContainerEntityManagerFactoryBean.createNativeEntityManagerFactory(LocalContainerEntityManagerFactoryBean.java:376)
	at org.springframework.orm.jpa.AbstractEntityManagerFactoryBean.buildNativeEntityManagerFactory(AbstractEntityManagerFactoryBean.java:409)
	at org.springframework.orm.jpa.AbstractEntityManagerFactoryBean.afterPropertiesSet(AbstractEntityManagerFactoryBean.java:396)
	at org.springframework.orm.jpa.LocalContainerEntityManagerFactoryBean.afterPropertiesSet(LocalContainerEntityManagerFactoryBean.java:352)
	at org.springframework.beans.factory.support.AbstractAutowireCapableBeanFactory.invokeInitMethods(AbstractAutowireCapableBeanFactory.java:1822)
	at org.springframework.beans.factory.support.AbstractAutowireCapableBeanFactory.initializeBean(AbstractAutowireCapableBeanFactory.java:1771)
	... 19 common frames omitted
Caused by: org.hibernate.boot.registry.classloading.spi.ClassLoadingException: Unable to load class [org.hibernate.boot.model.naming.SnakeCasePhysicalNamingStrategy]
	at org.hibernate.boot.registry.classloading.internal.ClassLoaderServiceImpl.classForName(ClassLoaderServiceImpl.java:126)
	at org.hibernate.boot.registry.selector.internal.StrategySelectorImpl.selectStrategyImplementor(StrategySelectorImpl.java:150)
	... 34 common frames omitted
Caused by: java.lang.ClassNotFoundException: Could not load requested class : org.hibernate.boot.model.naming.SnakeCasePhysicalNamingStrategy
	at org.hibernate.boot.registry.classloading.internal.AggregatedClassLoader.findClass(AggregatedClassLoader.java:216)
	at java.base/java.lang.ClassLoader.loadClass(ClassLoader.java:593)
	at java.base/java.lang.ClassLoader.loadClass(ClassLoader.java:526)
	at java.base/java.lang.Class.forName0(Native Method)
	at java.base/java.lang.Class.forName(Class.java:534)
	at java.base/java.lang.Class.forName(Class.java:513)
	at org.hibernate.boot.registry.classloading.internal.ClassLoaderServiceImpl.classForName(ClassLoaderServiceImpl.java:123)
	... 35 common frames omitted
Caused by: java.lang.Throwable: null
	at org.hibernate.boot.registry.classloading.internal.AggregatedClassLoader.findClass(AggregatedClassLoader.java:209)
	... 41 common frames omitted
	Suppressed: java.lang.ClassNotFoundException: org.hibernate.boot.model.naming.SnakeCasePhysicalNamingStrategy
		at java.base/jdk.internal.loader.BuiltinClassLoader.loadClass(BuiltinClassLoader.java:641)
		at java.base/jdk.internal.loader.ClassLoaders$AppClassLoader.loadClass(ClassLoaders.java:188)
		at java.base/java.lang.ClassLoader.loadClass(ClassLoader.java:526)
		at java.base/java.lang.Class.forName0(Native Method)
		at java.base/java.lang.Class.forName(Class.java:534)
		at java.base/java.lang.Class.forName(Class.java:513)
		at org.springframework.boot.devtools.restart.classloader.RestartClassLoader.loadClass(RestartClassLoader.java:121)
		at java.base/java.lang.ClassLoader.loadClass(ClassLoader.java:526)
		at org.hibernate.boot.registry.classloading.internal.AggregatedClassLoader.findClass(AggregatedClassLoader.java:206)
		... 41 common frames omitted
	Suppressed: java.lang.ClassNotFoundException: org.hibernate.boot.model.naming.SnakeCasePhysicalNamingStrategy
		at java.base/jdk.internal.loader.BuiltinClassLoader.loadClass(BuiltinClassLoader.java:641)
		at java.base/jdk.internal.loader.ClassLoaders$AppClassLoader.loadClass(ClassLoaders.java:188)
		at java.base/java.lang.ClassLoader.loadClass(ClassLoader.java:526)
		at org.hibernate.boot.registry.classloading.internal.AggregatedClassLoader.findClass(AggregatedClassLoader.java:206)
		... 41 common frames omitted
	Suppressed: java.lang.ClassNotFoundException: org.hibernate.boot.model.naming.SnakeCasePhysicalNamingStrategy
		at java.base/jdk.internal.loader.BuiltinClassLoader.loadClass(BuiltinClassLoader.java:641)
		at java.base/jdk.internal.loader.ClassLoaders$AppClassLoader.loadClass(ClassLoaders.java:188)
		at java.base/java.lang.ClassLoader.loadClass(ClassLoader.java:526)
		at java.base/java.lang.Class.forName0(Native Method)
		at java.base/java.lang.Class.forName(Class.java:534)
		at java.base/java.lang.Class.forName(Class.java:513)
		at org.springframework.boot.devtools.restart.classloader.RestartClassLoader.loadClass(RestartClassLoader.java:121)
		at java.base/java.lang.ClassLoader.loadClass(ClassLoader.java:526)
		at org.hibernate.boot.registry.classloading.internal.AggregatedClassLoader.findClass(AggregatedClassLoader.java:206)
		... 41 common frames omitted
	Suppressed: java.lang.ClassNotFoundException: org.hibernate.boot.model.naming.SnakeCasePhysicalNamingStrategy
		at java.base/jdk.internal.loader.BuiltinClassLoader.loadClass(BuiltinClassLoader.java:641)
		at java.base/jdk.internal.loader.ClassLoaders$AppClassLoader.loadClass(ClassLoaders.java:188)
		at java.base/java.lang.ClassLoader.loadClass(ClassLoader.java:526)
		at org.hibernate.boot.registry.classloading.internal.AggregatedClassLoader.findClass(AggregatedClassLoader.java:206)
		... 41 common frames omitted
