
> aiprojects@0.0.0 start
> ng serve

❯ Building...
✔ Building...
Browser bundles     
Initial chunk files  | Names            |  Raw size
main.js              | main             | 107.96 kB | 
styles.css           | styles           | 658 bytes | 

                     | Initial total    | 108.62 kB


Server bundles      
Initial chunk files  | Names            |  Raw size
main.server.mjs      | main.server      | 109.21 kB | 
server.mjs           | server           |   1.79 kB | 
polyfills.server.mjs | polyfills.server | 243 bytes | 

Application bundle generation complete. [1.886 seconds]

Watch mode enabled. Watching for file changes...
NOTE: Raw file sizes do not reflect development server per-request transformations.
  ➜  Local:   http://localhost:4200/
NG02801: Angular detected that `HttpClient` is not configured to use `fetch` APIs. It's strongly recommended to enable `fetch` for applications that use Server-Side Rendering for better performance and compatibility. To enable `fetch`, add the `withFetch()` to the `provideHttpClient()` call at the root of the application.
🔄 Loading quotes...
Getting all quotes: { page: 0, size: 20, sort: 'createdAt,desc' }
Initializing coverage options: [
  {
    name: 'General Liability',
    coverageType: 'GENERAL_LIABILITY',
    premium: 500,
    description: 'General liability insurance protects your business from claims of bodily injury, property damage, and personal injury.',
    isActive: true,
    isSelected: false
  },
  {
    name: 'Property Insurance',
    coverageType: 'PROPERTY',
    premium: 750,
    description: 'Property insurance covers your business property including buildings, equipment, inventory, and furniture against damage or theft.',
    isActive: true,
    isSelected: false
  },
  {
    name: 'Additional Coverage Options',
    coverageType: 'ADDITIONAL',
    premium: 300,
    description: 'Additional coverage options include cyber liability, employment practices liability, and other specialized coverages.',
    isActive: true,
    isSelected: false
  }
]
Updated coverage options: []
New total premium: 0
Quotes retrieved: {
  content: [
    {
      id: 2,
      businessInformation: [Object],
      coverageOptions: [Array],
      totalPremium: 0,
      status: 'DRAFT',
      quoteNumber: 'IQ-20250803034148-0709',
      validUntil: '2025-09-02T03:41:48.52605',
      createdAt: '2025-08-03T03:41:48.527779',
      updatedAt: '2025-08-03T03:41:48.527798'
    },
    {
      id: 1,
      businessInformation: [Object],
      coverageOptions: [Array],
      totalPremium: 0,
      status: 'DRAFT',
      quoteNumber: 'IQ-20250803034144-3473',
      validUntil: '2025-09-02T03:41:44.665319',
      createdAt: '2025-08-03T03:41:44.697868',
      updatedAt: '2025-08-03T03:41:44.697898'
    }
  ],
  pageable: {
    pageNumber: 0,
    pageSize: 20,
    sort: { sorted: true, unsorted: false, empty: false },
    offset: 0,
    paged: true,
    unpaged: false
  },
  totalPages: 1,
  totalElements: 2,
  last: true,
  first: true,
  size: 20,
  number: 0,
  sort: { sorted: true, unsorted: false, empty: false },
  numberOfElements: 2,
  empty: false
}
📋 Response: {
  content: [
    {
      id: 2,
      businessInformation: [Object],
      coverageOptions: [Array],
      totalPremium: 0,
      status: 'DRAFT',
      quoteNumber: 'IQ-20250803034148-0709',
      validUntil: '2025-09-02T03:41:48.52605',
      createdAt: '2025-08-03T03:41:48.527779',
      updatedAt: '2025-08-03T03:41:48.527798'
    },
    {
      id: 1,
      businessInformation: [Object],
      coverageOptions: [Array],
      totalPremium: 0,
      status: 'DRAFT',
      quoteNumber: 'IQ-20250803034144-3473',
      validUntil: '2025-09-02T03:41:44.665319',
      createdAt: '2025-08-03T03:41:44.697868',
      updatedAt: '2025-08-03T03:41:44.697898'
    }
  ],
  pageable: {
    pageNumber: 0,
    pageSize: 20,
    sort: { sorted: true, unsorted: false, empty: false },
    offset: 0,
    paged: true,
    unpaged: false
  },
  totalPages: 1,
  totalElements: 2,
  last: true,
  first: true,
  size: 20,
  number: 0,
  sort: { sorted: true, unsorted: false, empty: false },
  numberOfElements: 2,
  empty: false
}
📋 Quotes set: [
  {
    id: 2,
    businessInformation: {
      id: 2,
      name: 'Test Company',
      businessType: 'RETAIL',
      industry: 'RETAIL_TRADE',
      state: 'CA',
      createdAt: '2025-08-03T03:41:48.526737',
      updatedAt: '2025-08-03T03:41:48.526769'
    },
    coverageOptions: [ [Object], [Object], [Object] ],
    totalPremium: 0,
    status: 'DRAFT',
    quoteNumber: 'IQ-20250803034148-0709',
    validUntil: '2025-09-02T03:41:48.52605',
    createdAt: '2025-08-03T03:41:48.527779',
    updatedAt: '2025-08-03T03:41:48.527798'
  },
  {
    id: 1,
    businessInformation: {
      id: 1,
      name: 'Test Company',
      businessType: 'RETAIL',
      industry: 'RETAIL_TRADE',
      state: 'CA',
      createdAt: '2025-08-03T03:41:44.680423',
      updatedAt: '2025-08-03T03:41:44.680486'
    },
    coverageOptions: [ [Object], [Object], [Object] ],
    totalPremium: 0,
    status: 'DRAFT',
    quoteNumber: 'IQ-20250803034144-3473',
    validUntil: '2025-09-02T03:41:44.665319',
    createdAt: '2025-08-03T03:41:44.697868',
    updatedAt: '2025-08-03T03:41:44.697898'
  }
]
🔄 Loading quotes...
Getting all quotes: { page: 0, size: 20, sort: 'createdAt,desc' }
Initializing coverage options: [
  {
    name: 'General Liability',
    coverageType: 'GENERAL_LIABILITY',
    premium: 500,
    description: 'General liability insurance protects your business from claims of bodily injury, property damage, and personal injury.',
    isActive: true,
    isSelected: false
  },
  {
    name: 'Property Insurance',
    coverageType: 'PROPERTY',
    premium: 750,
    description: 'Property insurance covers your business property including buildings, equipment, inventory, and furniture against damage or theft.',
    isActive: true,
    isSelected: false
  },
  {
    name: 'Additional Coverage Options',
    coverageType: 'ADDITIONAL',
    premium: 300,
    description: 'Additional coverage options include cyber liability, employment practices liability, and other specialized coverages.',
    isActive: true,
    isSelected: false
  }
]
Updated coverage options: []
New total premium: 0
Quotes retrieved: {
  content: [
    {
      id: 2,
      businessInformation: [Object],
      coverageOptions: [Array],
      totalPremium: 0,
      status: 'DRAFT',
      quoteNumber: 'IQ-20250803034148-0709',
      validUntil: '2025-09-02T03:41:48.52605',
      createdAt: '2025-08-03T03:41:48.527779',
      updatedAt: '2025-08-03T03:41:48.527798'
    },
    {
      id: 1,
      businessInformation: [Object],
      coverageOptions: [Array],
      totalPremium: 0,
      status: 'DRAFT',
      quoteNumber: 'IQ-20250803034144-3473',
      validUntil: '2025-09-02T03:41:44.665319',
      createdAt: '2025-08-03T03:41:44.697868',
      updatedAt: '2025-08-03T03:41:44.697898'
    }
  ],
  pageable: {
    pageNumber: 0,
    pageSize: 20,
    sort: { sorted: true, unsorted: false, empty: false },
    offset: 0,
    paged: true,
    unpaged: false
  },
  totalPages: 1,
  totalElements: 2,
  last: true,
  first: true,
  size: 20,
  number: 0,
  sort: { sorted: true, unsorted: false, empty: false },
  numberOfElements: 2,
  empty: false
}
📋 Response: {
  content: [
    {
      id: 2,
      businessInformation: [Object],
      coverageOptions: [Array],
      totalPremium: 0,
      status: 'DRAFT',
      quoteNumber: 'IQ-20250803034148-0709',
      validUntil: '2025-09-02T03:41:48.52605',
      createdAt: '2025-08-03T03:41:48.527779',
      updatedAt: '2025-08-03T03:41:48.527798'
    },
    {
      id: 1,
      businessInformation: [Object],
      coverageOptions: [Array],
      totalPremium: 0,
      status: 'DRAFT',
      quoteNumber: 'IQ-20250803034144-3473',
      validUntil: '2025-09-02T03:41:44.665319',
      createdAt: '2025-08-03T03:41:44.697868',
      updatedAt: '2025-08-03T03:41:44.697898'
    }
  ],
  pageable: {
    pageNumber: 0,
    pageSize: 20,
    sort: { sorted: true, unsorted: false, empty: false },
    offset: 0,
    paged: true,
    unpaged: false
  },
  totalPages: 1,
  totalElements: 2,
  last: true,
  first: true,
  size: 20,
  number: 0,
  sort: { sorted: true, unsorted: false, empty: false },
  numberOfElements: 2,
  empty: false
}
📋 Quotes set: [
  {
    id: 2,
    businessInformation: {
      id: 2,
      name: 'Test Company',
      businessType: 'RETAIL',
      industry: 'RETAIL_TRADE',
      state: 'CA',
      createdAt: '2025-08-03T03:41:48.526737',
      updatedAt: '2025-08-03T03:41:48.526769'
    },
    coverageOptions: [ [Object], [Object], [Object] ],
    totalPremium: 0,
    status: 'DRAFT',
    quoteNumber: 'IQ-20250803034148-0709',
    validUntil: '2025-09-02T03:41:48.52605',
    createdAt: '2025-08-03T03:41:48.527779',
    updatedAt: '2025-08-03T03:41:48.527798'
  },
  {
    id: 1,
    businessInformation: {
      id: 1,
      name: 'Test Company',
      businessType: 'RETAIL',
      industry: 'RETAIL_TRADE',
      state: 'CA',
      createdAt: '2025-08-03T03:41:44.680423',
      updatedAt: '2025-08-03T03:41:44.680486'
    },
    coverageOptions: [ [Object], [Object], [Object] ],
    totalPremium: 0,
    status: 'DRAFT',
    quoteNumber: 'IQ-20250803034144-3473',
    validUntil: '2025-09-02T03:41:44.665319',
    createdAt: '2025-08-03T03:41:44.697868',
    updatedAt: '2025-08-03T03:41:44.697898'
  }
]
❯ Changes detected. Rebuilding...
✔ Changes detected. Rebuilding...
Application bundle generation failed. [0.564 seconds]

[31m✘ [41;31m[[41;97mERROR[41;31m][0m [1mTS2304: Cannot find name 'signal'.[0m [1m[35m[plugin angular-compiler][0m

    src/app/app.ts:29:29:
[37m      29 │   protected readonly title = [32msignal[37m('aiprojects');
         ╵                              [32m~~~~~~[0m


[31m✘ [41;31m[[41;97mERROR[41;31m][0m [1mTS2304: Cannot find name 'inject'.[0m [1m[35m[plugin angular-compiler][0m

    src/app/app.ts:30:23:
[37m      30 │   private apiService = [32minject[37m(ApiQuoteService);
         ╵                        [32m~~~~~~[0m


[31m✘ [41;31m[[41;97mERROR[41;31m][0m [1mTS2304: Cannot find name 'inject'.[0m [1m[35m[plugin angular-compiler][0m

    src/app/app.ts:31:16:
[37m      31 │   private cdr = [32minject[37m(ChangeDetectorRef);
         ╵                 [32m~~~~~~[0m


[31m✘ [41;31m[[41;97mERROR[41;31m][0m [1mTS2304: Cannot find name 'ChangeDetectorRef'.[0m [1m[35m[plugin angular-compiler][0m

    src/app/app.ts:31:23:
[37m      31 │   private cdr = inject([32mChangeDetectorRef[37m);
         ╵                        [32m~~~~~~~~~~~~~~~~~[0m


[31m✘ [41;31m[[41;97mERROR[41;31m][0m [1mTS2304: Cannot find name 'inject'.[0m [1m[35m[plugin angular-compiler][0m

    src/app/app.ts:32:23:
[37m      32 │   private platformId = [32minject[37m(PLATFORM_ID);
         ╵                        [32m~~~~~~[0m


[31m✘ [41;31m[[41;97mERROR[41;31m][0m [1mTS2304: Cannot find name 'PLATFORM_ID'.[0m [1m[35m[plugin angular-compiler][0m

    src/app/app.ts:32:30:
[37m      32 │   private platformId = inject([32mPLATFORM_ID[37m);
         ╵                               [32m~~~~~~~~~~~[0m


[31m✘ [41;31m[[41;97mERROR[41;31m][0m [1mTS7006: Parameter 'saved' implicitly has an 'any' type.[0m [1m[35m[plugin angular-compiler][0m

    src/app/app.ts:53:13:
[37m      53 │       next: ([32msaved[37m) => {
         ╵              [32m~~~~~[0m


[31m✘ [41;31m[[41;97mERROR[41;31m][0m [1mTS7006: Parameter 'err' implicitly has an 'any' type.[0m [1m[35m[plugin angular-compiler][0m

    src/app/app.ts:58:14:
[37m      58 │       error: ([32merr[37m) => {
         ╵               [32m~~~[0m


[31m✘ [41;31m[[41;97mERROR[41;31m][0m [1mTS7006: Parameter 'newQuote' implicitly has an 'any' type.[0m [1m[35m[plugin angular-compiler][0m

    src/app/app.ts:71:13:
[37m      71 │       next: ([32mnewQuote[37m) => {
         ╵              [32m~~~~~~~~[0m


[31m✘ [41;31m[[41;97mERROR[41;31m][0m [1mTS7006: Parameter 'err' implicitly has an 'any' type.[0m [1m[35m[plugin angular-compiler][0m

    src/app/app.ts:75:14:
[37m      75 │       error: ([32merr[37m) => {
         ╵               [32m~~~[0m


[31m✘ [41;31m[[41;97mERROR[41;31m][0m [1mTS7006: Parameter 'response' implicitly has an 'any' type.[0m [1m[35m[plugin angular-compiler][0m

    src/app/app.ts:95:13:
[37m      95 │       next: ([32mresponse[37m) => {
         ╵              [32m~~~~~~~~[0m


[31m✘ [41;31m[[41;97mERROR[41;31m][0m [1mTS7006: Parameter 'err' implicitly has an 'any' type.[0m [1m[35m[plugin angular-compiler][0m

    src/app/app.ts:100:14:
[37m      100 │       error: ([32merr[37m) => {
          ╵               [32m~~~[0m


❯ Changes detected. Rebuilding...
✔ Changes detected. Rebuilding...
Browser bundles     
Initial chunk files  | Names            |  Raw size
main.js              | main             | 108.18 kB | 
styles.css           | styles           | 658 bytes | 

                     | Initial total    | 108.84 kB


Server bundles      
Initial chunk files  | Names            |  Raw size
main.server.mjs      | main.server      | 109.43 kB | 
server.mjs           | server           |   1.79 kB | 
polyfills.server.mjs | polyfills.server | 243 bytes | 

Application bundle generation complete. [0.198 seconds]

Page reload sent to client(s).
🔄 Loading quotes...
Getting all quotes: { page: 0, size: 20, sort: 'createdAt,desc' }
Initializing coverage options: [
  {
    name: 'General Liability',
    coverageType: 'GENERAL_LIABILITY',
    premium: 500,
    description: 'General liability insurance protects your business from claims of bodily injury, property damage, and personal injury.',
    isActive: true,
    isSelected: false
  },
  {
    name: 'Property Insurance',
    coverageType: 'PROPERTY',
    premium: 750,
    description: 'Property insurance covers your business property including buildings, equipment, inventory, and furniture against damage or theft.',
    isActive: true,
    isSelected: false
  },
  {
    name: 'Additional Coverage Options',
    coverageType: 'ADDITIONAL',
    premium: 300,
    description: 'Additional coverage options include cyber liability, employment practices liability, and other specialized coverages.',
    isActive: true,
    isSelected: false
  }
]
Updated coverage options: []
New total premium: 0
Quotes retrieved: {
  content: [
    {
      id: 3,
      businessInformation: [Object],
      coverageOptions: [Array],
      totalPremium: 0,
      status: 'DRAFT',
      quoteNumber: 'IQ-20250803042001-1666',
      validUntil: '2025-09-02T04:20:01.119131',
      createdAt: '2025-08-03T04:20:01.127118',
      updatedAt: '2025-08-03T04:20:01.127136'
    },
    {
      id: 2,
      businessInformation: [Object],
      coverageOptions: [Array],
      totalPremium: 0,
      status: 'DRAFT',
      quoteNumber: 'IQ-20250803034148-0709',
      validUntil: '2025-09-02T03:41:48.52605',
      createdAt: '2025-08-03T03:41:48.527779',
      updatedAt: '2025-08-03T03:41:48.527798'
    },
    {
      id: 1,
      businessInformation: [Object],
      coverageOptions: [Array],
      totalPremium: 0,
      status: 'DRAFT',
      quoteNumber: 'IQ-20250803034144-3473',
      validUntil: '2025-09-02T03:41:44.665319',
      createdAt: '2025-08-03T03:41:44.697868',
      updatedAt: '2025-08-03T03:41:44.697898'
    }
  ],
  pageable: {
    pageNumber: 0,
    pageSize: 20,
    sort: { sorted: true, unsorted: false, empty: false },
    offset: 0,
    paged: true,
    unpaged: false
  },
  totalPages: 1,
  totalElements: 3,
  last: true,
  first: true,
  size: 20,
  number: 0,
  sort: { sorted: true, unsorted: false, empty: false },
  numberOfElements: 3,
  empty: false
}
📋 Response: {
  content: [
    {
      id: 3,
      businessInformation: [Object],
      coverageOptions: [Array],
      totalPremium: 0,
      status: 'DRAFT',
      quoteNumber: 'IQ-20250803042001-1666',
      validUntil: '2025-09-02T04:20:01.119131',
      createdAt: '2025-08-03T04:20:01.127118',
      updatedAt: '2025-08-03T04:20:01.127136'
    },
    {
      id: 2,
      businessInformation: [Object],
      coverageOptions: [Array],
      totalPremium: 0,
      status: 'DRAFT',
      quoteNumber: 'IQ-20250803034148-0709',
      validUntil: '2025-09-02T03:41:48.52605',
      createdAt: '2025-08-03T03:41:48.527779',
      updatedAt: '2025-08-03T03:41:48.527798'
    },
    {
      id: 1,
      businessInformation: [Object],
      coverageOptions: [Array],
      totalPremium: 0,
      status: 'DRAFT',
      quoteNumber: 'IQ-20250803034144-3473',
      validUntil: '2025-09-02T03:41:44.665319',
      createdAt: '2025-08-03T03:41:44.697868',
      updatedAt: '2025-08-03T03:41:44.697898'
    }
  ],
  pageable: {
    pageNumber: 0,
    pageSize: 20,
    sort: { sorted: true, unsorted: false, empty: false },
    offset: 0,
    paged: true,
    unpaged: false
  },
  totalPages: 1,
  totalElements: 3,
  last: true,
  first: true,
  size: 20,
  number: 0,
  sort: { sorted: true, unsorted: false, empty: false },
  numberOfElements: 3,
  empty: false
}
📋 Quotes set: [
  {
    id: 3,
    businessInformation: {
      id: 3,
      name: 'Test Save',
      businessType: 'RETAIL',
      industry: 'RETAIL_TRADE',
      state: 'CA',
      createdAt: '2025-08-03T04:20:01.123315',
      updatedAt: '2025-08-03T04:20:01.12334'
    },
    coverageOptions: [ [Object], [Object], [Object] ],
    totalPremium: 0,
    status: 'DRAFT',
    quoteNumber: 'IQ-20250803042001-1666',
    validUntil: '2025-09-02T04:20:01.119131',
    createdAt: '2025-08-03T04:20:01.127118',
    updatedAt: '2025-08-03T04:20:01.127136'
  },
  {
    id: 2,
    businessInformation: {
      id: 2,
      name: 'Test Company',
      businessType: 'RETAIL',
      industry: 'RETAIL_TRADE',
      state: 'CA',
      createdAt: '2025-08-03T03:41:48.526737',
      updatedAt: '2025-08-03T03:41:48.526769'
    },
    coverageOptions: [ [Object], [Object], [Object] ],
    totalPremium: 0,
    status: 'DRAFT',
    quoteNumber: 'IQ-20250803034148-0709',
    validUntil: '2025-09-02T03:41:48.52605',
    createdAt: '2025-08-03T03:41:48.527779',
    updatedAt: '2025-08-03T03:41:48.527798'
  },
  {
    id: 1,
    businessInformation: {
      id: 1,
      name: 'Test Company',
      businessType: 'RETAIL',
      industry: 'RETAIL_TRADE',
      state: 'CA',
      createdAt: '2025-08-03T03:41:44.680423',
      updatedAt: '2025-08-03T03:41:44.680486'
    },
    coverageOptions: [ [Object], [Object], [Object] ],
    totalPremium: 0,
    status: 'DRAFT',
    quoteNumber: 'IQ-20250803034144-3473',
    validUntil: '2025-09-02T03:41:44.665319',
    createdAt: '2025-08-03T03:41:44.697868',
    updatedAt: '2025-08-03T03:41:44.697898'
  }
]
🔄 Loading quotes...
Getting all quotes: { page: 0, size: 20, sort: 'createdAt,desc' }
Initializing coverage options: [
  {
    name: 'General Liability',
    coverageType: 'GENERAL_LIABILITY',
    premium: 500,
    description: 'General liability insurance protects your business from claims of bodily injury, property damage, and personal injury.',
    isActive: true,
    isSelected: false
  },
  {
    name: 'Property Insurance',
    coverageType: 'PROPERTY',
    premium: 750,
    description: 'Property insurance covers your business property including buildings, equipment, inventory, and furniture against damage or theft.',
    isActive: true,
    isSelected: false
  },
  {
    name: 'Additional Coverage Options',
    coverageType: 'ADDITIONAL',
    premium: 300,
    description: 'Additional coverage options include cyber liability, employment practices liability, and other specialized coverages.',
    isActive: true,
    isSelected: false
  }
]
Updated coverage options: []
New total premium: 0
Quotes retrieved: {
  content: [
    {
      id: 3,
      businessInformation: [Object],
      coverageOptions: [Array],
      totalPremium: 0,
      status: 'DRAFT',
      quoteNumber: 'IQ-20250803042001-1666',
      validUntil: '2025-09-02T04:20:01.119131',
      createdAt: '2025-08-03T04:20:01.127118',
      updatedAt: '2025-08-03T04:20:01.127136'
    },
    {
      id: 2,
      businessInformation: [Object],
      coverageOptions: [Array],
      totalPremium: 0,
      status: 'DRAFT',
      quoteNumber: 'IQ-20250803034148-0709',
      validUntil: '2025-09-02T03:41:48.52605',
      createdAt: '2025-08-03T03:41:48.527779',
      updatedAt: '2025-08-03T03:41:48.527798'
    },
    {
      id: 1,
      businessInformation: [Object],
      coverageOptions: [Array],
      totalPremium: 0,
      status: 'DRAFT',
      quoteNumber: 'IQ-20250803034144-3473',
      validUntil: '2025-09-02T03:41:44.665319',
      createdAt: '2025-08-03T03:41:44.697868',
      updatedAt: '2025-08-03T03:41:44.697898'
    }
  ],
  pageable: {
    pageNumber: 0,
    pageSize: 20,
    sort: { sorted: true, unsorted: false, empty: false },
    offset: 0,
    paged: true,
    unpaged: false
  },
  totalPages: 1,
  totalElements: 3,
  last: true,
  first: true,
  size: 20,
  number: 0,
  sort: { sorted: true, unsorted: false, empty: false },
  numberOfElements: 3,
  empty: false
}
📋 Response: {
  content: [
    {
      id: 3,
      businessInformation: [Object],
      coverageOptions: [Array],
      totalPremium: 0,
      status: 'DRAFT',
      quoteNumber: 'IQ-20250803042001-1666',
      validUntil: '2025-09-02T04:20:01.119131',
      createdAt: '2025-08-03T04:20:01.127118',
      updatedAt: '2025-08-03T04:20:01.127136'
    },
    {
      id: 2,
      businessInformation: [Object],
      coverageOptions: [Array],
      totalPremium: 0,
      status: 'DRAFT',
      quoteNumber: 'IQ-20250803034148-0709',
      validUntil: '2025-09-02T03:41:48.52605',
      createdAt: '2025-08-03T03:41:48.527779',
      updatedAt: '2025-08-03T03:41:48.527798'
    },
    {
      id: 1,
      businessInformation: [Object],
      coverageOptions: [Array],
      totalPremium: 0,
      status: 'DRAFT',
      quoteNumber: 'IQ-20250803034144-3473',
      validUntil: '2025-09-02T03:41:44.665319',
      createdAt: '2025-08-03T03:41:44.697868',
      updatedAt: '2025-08-03T03:41:44.697898'
    }
  ],
  pageable: {
    pageNumber: 0,
    pageSize: 20,
    sort: { sorted: true, unsorted: false, empty: false },
    offset: 0,
    paged: true,
    unpaged: false
  },
  totalPages: 1,
  totalElements: 3,
  last: true,
  first: true,
  size: 20,
  number: 0,
  sort: { sorted: true, unsorted: false, empty: false },
  numberOfElements: 3,
  empty: false
}
📋 Quotes set: [
  {
    id: 3,
    businessInformation: {
      id: 3,
      name: 'Test Save',
      businessType: 'RETAIL',
      industry: 'RETAIL_TRADE',
      state: 'CA',
      createdAt: '2025-08-03T04:20:01.123315',
      updatedAt: '2025-08-03T04:20:01.12334'
    },
    coverageOptions: [ [Object], [Object], [Object] ],
    totalPremium: 0,
    status: 'DRAFT',
    quoteNumber: 'IQ-20250803042001-1666',
    validUntil: '2025-09-02T04:20:01.119131',
    createdAt: '2025-08-03T04:20:01.127118',
    updatedAt: '2025-08-03T04:20:01.127136'
  },
  {
    id: 2,
    businessInformation: {
      id: 2,
      name: 'Test Company',
      businessType: 'RETAIL',
      industry: 'RETAIL_TRADE',
      state: 'CA',
      createdAt: '2025-08-03T03:41:48.526737',
      updatedAt: '2025-08-03T03:41:48.526769'
    },
    coverageOptions: [ [Object], [Object], [Object] ],
    totalPremium: 0,
    status: 'DRAFT',
    quoteNumber: 'IQ-20250803034148-0709',
    validUntil: '2025-09-02T03:41:48.52605',
    createdAt: '2025-08-03T03:41:48.527779',
    updatedAt: '2025-08-03T03:41:48.527798'
  },
  {
    id: 1,
    businessInformation: {
      id: 1,
      name: 'Test Company',
      businessType: 'RETAIL',
      industry: 'RETAIL_TRADE',
      state: 'CA',
      createdAt: '2025-08-03T03:41:44.680423',
      updatedAt: '2025-08-03T03:41:44.680486'
    },
    coverageOptions: [ [Object], [Object], [Object] ],
    totalPremium: 0,
    status: 'DRAFT',
    quoteNumber: 'IQ-20250803034144-3473',
    validUntil: '2025-09-02T03:41:44.665319',
    createdAt: '2025-08-03T03:41:44.697868',
    updatedAt: '2025-08-03T03:41:44.697898'
  }
]
🔄 Loading quotes...
Getting all quotes: { page: 0, size: 20, sort: 'createdAt,desc' }
Initializing coverage options: [
  {
    name: 'General Liability',
    coverageType: 'GENERAL_LIABILITY',
    premium: 500,
    description: 'General liability insurance protects your business from claims of bodily injury, property damage, and personal injury.',
    isActive: true,
    isSelected: false
  },
  {
    name: 'Property Insurance',
    coverageType: 'PROPERTY',
    premium: 750,
    description: 'Property insurance covers your business property including buildings, equipment, inventory, and furniture against damage or theft.',
    isActive: true,
    isSelected: false
  },
  {
    name: 'Additional Coverage Options',
    coverageType: 'ADDITIONAL',
    premium: 300,
    description: 'Additional coverage options include cyber liability, employment practices liability, and other specialized coverages.',
    isActive: true,
    isSelected: false
  }
]
Updated coverage options: []
New total premium: 0
Quotes retrieved: {
  content: [
    {
      id: 3,
      businessInformation: [Object],
      coverageOptions: [Array],
      totalPremium: 0,
      status: 'DRAFT',
      quoteNumber: 'IQ-20250803042001-1666',
      validUntil: '2025-09-02T04:20:01.119131',
      createdAt: '2025-08-03T04:20:01.127118',
      updatedAt: '2025-08-03T04:20:01.127136'
    },
    {
      id: 2,
      businessInformation: [Object],
      coverageOptions: [Array],
      totalPremium: 0,
      status: 'DRAFT',
      quoteNumber: 'IQ-20250803034148-0709',
      validUntil: '2025-09-02T03:41:48.52605',
      createdAt: '2025-08-03T03:41:48.527779',
      updatedAt: '2025-08-03T03:41:48.527798'
    },
    {
      id: 1,
      businessInformation: [Object],
      coverageOptions: [Array],
      totalPremium: 0,
      status: 'DRAFT',
      quoteNumber: 'IQ-20250803034144-3473',
      validUntil: '2025-09-02T03:41:44.665319',
      createdAt: '2025-08-03T03:41:44.697868',
      updatedAt: '2025-08-03T03:41:44.697898'
    }
  ],
  pageable: {
    pageNumber: 0,
    pageSize: 20,
    sort: { sorted: true, unsorted: false, empty: false },
    offset: 0,
    paged: true,
    unpaged: false
  },
  totalPages: 1,
  totalElements: 3,
  last: true,
  first: true,
  size: 20,
  number: 0,
  sort: { sorted: true, unsorted: false, empty: false },
  numberOfElements: 3,
  empty: false
}
📋 Response: {
  content: [
    {
      id: 3,
      businessInformation: [Object],
      coverageOptions: [Array],
      totalPremium: 0,
      status: 'DRAFT',
      quoteNumber: 'IQ-20250803042001-1666',
      validUntil: '2025-09-02T04:20:01.119131',
      createdAt: '2025-08-03T04:20:01.127118',
      updatedAt: '2025-08-03T04:20:01.127136'
    },
    {
      id: 2,
      businessInformation: [Object],
      coverageOptions: [Array],
      totalPremium: 0,
      status: 'DRAFT',
      quoteNumber: 'IQ-20250803034148-0709',
      validUntil: '2025-09-02T03:41:48.52605',
      createdAt: '2025-08-03T03:41:48.527779',
      updatedAt: '2025-08-03T03:41:48.527798'
    },
    {
      id: 1,
      businessInformation: [Object],
      coverageOptions: [Array],
      totalPremium: 0,
      status: 'DRAFT',
      quoteNumber: 'IQ-20250803034144-3473',
      validUntil: '2025-09-02T03:41:44.665319',
      createdAt: '2025-08-03T03:41:44.697868',
      updatedAt: '2025-08-03T03:41:44.697898'
    }
  ],
  pageable: {
    pageNumber: 0,
    pageSize: 20,
    sort: { sorted: true, unsorted: false, empty: false },
    offset: 0,
    paged: true,
    unpaged: false
  },
  totalPages: 1,
  totalElements: 3,
  last: true,
  first: true,
  size: 20,
  number: 0,
  sort: { sorted: true, unsorted: false, empty: false },
  numberOfElements: 3,
  empty: false
}
📋 Quotes set: [
  {
    id: 3,
    businessInformation: {
      id: 3,
      name: 'Test Save',
      businessType: 'RETAIL',
      industry: 'RETAIL_TRADE',
      state: 'CA',
      createdAt: '2025-08-03T04:20:01.123315',
      updatedAt: '2025-08-03T04:20:01.12334'
    },
    coverageOptions: [ [Object], [Object], [Object] ],
    totalPremium: 0,
    status: 'DRAFT',
    quoteNumber: 'IQ-20250803042001-1666',
    validUntil: '2025-09-02T04:20:01.119131',
    createdAt: '2025-08-03T04:20:01.127118',
    updatedAt: '2025-08-03T04:20:01.127136'
  },
  {
    id: 2,
    businessInformation: {
      id: 2,
      name: 'Test Company',
      businessType: 'RETAIL',
      industry: 'RETAIL_TRADE',
      state: 'CA',
      createdAt: '2025-08-03T03:41:48.526737',
      updatedAt: '2025-08-03T03:41:48.526769'
    },
    coverageOptions: [ [Object], [Object], [Object] ],
    totalPremium: 0,
    status: 'DRAFT',
    quoteNumber: 'IQ-20250803034148-0709',
    validUntil: '2025-09-02T03:41:48.52605',
    createdAt: '2025-08-03T03:41:48.527779',
    updatedAt: '2025-08-03T03:41:48.527798'
  },
  {
    id: 1,
    businessInformation: {
      id: 1,
      name: 'Test Company',
      businessType: 'RETAIL',
      industry: 'RETAIL_TRADE',
      state: 'CA',
      createdAt: '2025-08-03T03:41:44.680423',
      updatedAt: '2025-08-03T03:41:44.680486'
    },
    coverageOptions: [ [Object], [Object], [Object] ],
    totalPremium: 0,
    status: 'DRAFT',
    quoteNumber: 'IQ-20250803034144-3473',
    validUntil: '2025-09-02T03:41:44.665319',
    createdAt: '2025-08-03T03:41:44.697868',
    updatedAt: '2025-08-03T03:41:44.697898'
  }
]
🔄 Loading quotes...
Getting all quotes: { page: 0, size: 20, sort: 'createdAt,desc' }
Initializing coverage options: [
  {
    name: 'General Liability',
    coverageType: 'GENERAL_LIABILITY',
    premium: 500,
    description: 'General liability insurance protects your business from claims of bodily injury, property damage, and personal injury.',
    isActive: true,
    isSelected: false
  },
  {
    name: 'Property Insurance',
    coverageType: 'PROPERTY',
    premium: 750,
    description: 'Property insurance covers your business property including buildings, equipment, inventory, and furniture against damage or theft.',
    isActive: true,
    isSelected: false
  },
  {
    name: 'Additional Coverage Options',
    coverageType: 'ADDITIONAL',
    premium: 300,
    description: 'Additional coverage options include cyber liability, employment practices liability, and other specialized coverages.',
    isActive: true,
    isSelected: false
  }
]
Updated coverage options: []
New total premium: 0
Quotes retrieved: {
  content: [
    {
      id: 3,
      businessInformation: [Object],
      coverageOptions: [Array],
      totalPremium: 0,
      status: 'DRAFT',
      quoteNumber: 'IQ-20250803042001-1666',
      validUntil: '2025-09-02T04:20:01.119131',
      createdAt: '2025-08-03T04:20:01.127118',
      updatedAt: '2025-08-03T04:20:01.127136'
    },
    {
      id: 2,
      businessInformation: [Object],
      coverageOptions: [Array],
      totalPremium: 0,
      status: 'DRAFT',
      quoteNumber: 'IQ-20250803034148-0709',
      validUntil: '2025-09-02T03:41:48.52605',
      createdAt: '2025-08-03T03:41:48.527779',
      updatedAt: '2025-08-03T03:41:48.527798'
    },
    {
      id: 1,
      businessInformation: [Object],
      coverageOptions: [Array],
      totalPremium: 0,
      status: 'DRAFT',
      quoteNumber: 'IQ-20250803034144-3473',
      validUntil: '2025-09-02T03:41:44.665319',
      createdAt: '2025-08-03T03:41:44.697868',
      updatedAt: '2025-08-03T03:41:44.697898'
    }
  ],
  pageable: {
    pageNumber: 0,
    pageSize: 20,
    sort: { sorted: true, unsorted: false, empty: false },
    offset: 0,
    paged: true,
    unpaged: false
  },
  totalPages: 1,
  totalElements: 3,
  last: true,
  first: true,
  size: 20,
  number: 0,
  sort: { sorted: true, unsorted: false, empty: false },
  numberOfElements: 3,
  empty: false
}
📋 Response: {
  content: [
    {
      id: 3,
      businessInformation: [Object],
      coverageOptions: [Array],
      totalPremium: 0,
      status: 'DRAFT',
      quoteNumber: 'IQ-20250803042001-1666',
      validUntil: '2025-09-02T04:20:01.119131',
      createdAt: '2025-08-03T04:20:01.127118',
      updatedAt: '2025-08-03T04:20:01.127136'
    },
    {
      id: 2,
      businessInformation: [Object],
      coverageOptions: [Array],
      totalPremium: 0,
      status: 'DRAFT',
      quoteNumber: 'IQ-20250803034148-0709',
      validUntil: '2025-09-02T03:41:48.52605',
      createdAt: '2025-08-03T03:41:48.527779',
      updatedAt: '2025-08-03T03:41:48.527798'
    },
    {
      id: 1,
      businessInformation: [Object],
      coverageOptions: [Array],
      totalPremium: 0,
      status: 'DRAFT',
      quoteNumber: 'IQ-20250803034144-3473',
      validUntil: '2025-09-02T03:41:44.665319',
      createdAt: '2025-08-03T03:41:44.697868',
      updatedAt: '2025-08-03T03:41:44.697898'
    }
  ],
  pageable: {
    pageNumber: 0,
    pageSize: 20,
    sort: { sorted: true, unsorted: false, empty: false },
    offset: 0,
    paged: true,
    unpaged: false
  },
  totalPages: 1,
  totalElements: 3,
  last: true,
  first: true,
  size: 20,
  number: 0,
  sort: { sorted: true, unsorted: false, empty: false },
  numberOfElements: 3,
  empty: false
}
📋 Quotes set: [
  {
    id: 3,
    businessInformation: {
      id: 3,
      name: 'Test Save',
      businessType: 'RETAIL',
      industry: 'RETAIL_TRADE',
      state: 'CA',
      createdAt: '2025-08-03T04:20:01.123315',
      updatedAt: '2025-08-03T04:20:01.12334'
    },
    coverageOptions: [ [Object], [Object], [Object] ],
    totalPremium: 0,
    status: 'DRAFT',
    quoteNumber: 'IQ-20250803042001-1666',
    validUntil: '2025-09-02T04:20:01.119131',
    createdAt: '2025-08-03T04:20:01.127118',
    updatedAt: '2025-08-03T04:20:01.127136'
  },
  {
    id: 2,
    businessInformation: {
      id: 2,
      name: 'Test Company',
      businessType: 'RETAIL',
      industry: 'RETAIL_TRADE',
      state: 'CA',
      createdAt: '2025-08-03T03:41:48.526737',
      updatedAt: '2025-08-03T03:41:48.526769'
    },
    coverageOptions: [ [Object], [Object], [Object] ],
    totalPremium: 0,
    status: 'DRAFT',
    quoteNumber: 'IQ-20250803034148-0709',
    validUntil: '2025-09-02T03:41:48.52605',
    createdAt: '2025-08-03T03:41:48.527779',
    updatedAt: '2025-08-03T03:41:48.527798'
  },
  {
    id: 1,
    businessInformation: {
      id: 1,
      name: 'Test Company',
      businessType: 'RETAIL',
      industry: 'RETAIL_TRADE',
      state: 'CA',
      createdAt: '2025-08-03T03:41:44.680423',
      updatedAt: '2025-08-03T03:41:44.680486'
    },
    coverageOptions: [ [Object], [Object], [Object] ],
    totalPremium: 0,
    status: 'DRAFT',
    quoteNumber: 'IQ-20250803034144-3473',
    validUntil: '2025-09-02T03:41:44.665319',
    createdAt: '2025-08-03T03:41:44.697868',
    updatedAt: '2025-08-03T03:41:44.697898'
  }
]
🔄 Loading quotes...
Getting all quotes: { page: 0, size: 20, sort: 'createdAt,desc' }
Initializing coverage options: [
  {
    name: 'General Liability',
    coverageType: 'GENERAL_LIABILITY',
    premium: 500,
    description: 'General liability insurance protects your business from claims of bodily injury, property damage, and personal injury.',
    isActive: true,
    isSelected: false
  },
  {
    name: 'Property Insurance',
    coverageType: 'PROPERTY',
    premium: 750,
    description: 'Property insurance covers your business property including buildings, equipment, inventory, and furniture against damage or theft.',
    isActive: true,
    isSelected: false
  },
  {
    name: 'Additional Coverage Options',
    coverageType: 'ADDITIONAL',
    premium: 300,
    description: 'Additional coverage options include cyber liability, employment practices liability, and other specialized coverages.',
    isActive: true,
    isSelected: false
  }
]
Updated coverage options: []
New total premium: 0
Quotes retrieved: {
  content: [
    {
      id: 3,
      businessInformation: [Object],
      coverageOptions: [Array],
      totalPremium: 0,
      status: 'DRAFT',
      quoteNumber: 'IQ-20250803042001-1666',
      validUntil: '2025-09-02T04:20:01.119131',
      createdAt: '2025-08-03T04:20:01.127118',
      updatedAt: '2025-08-03T04:20:01.127136'
    },
    {
      id: 2,
      businessInformation: [Object],
      coverageOptions: [Array],
      totalPremium: 0,
      status: 'DRAFT',
      quoteNumber: 'IQ-20250803034148-0709',
      validUntil: '2025-09-02T03:41:48.52605',
      createdAt: '2025-08-03T03:41:48.527779',
      updatedAt: '2025-08-03T03:41:48.527798'
    },
    {
      id: 1,
      businessInformation: [Object],
      coverageOptions: [Array],
      totalPremium: 0,
      status: 'DRAFT',
      quoteNumber: 'IQ-20250803034144-3473',
      validUntil: '2025-09-02T03:41:44.665319',
      createdAt: '2025-08-03T03:41:44.697868',
      updatedAt: '2025-08-03T03:41:44.697898'
    }
  ],
  pageable: {
    pageNumber: 0,
    pageSize: 20,
    sort: { sorted: true, unsorted: false, empty: false },
    offset: 0,
    paged: true,
    unpaged: false
  },
  totalPages: 1,
  totalElements: 3,
  last: true,
  first: true,
  size: 20,
  number: 0,
  sort: { sorted: true, unsorted: false, empty: false },
  numberOfElements: 3,
  empty: false
}
📋 Response: {
  content: [
    {
      id: 3,
      businessInformation: [Object],
      coverageOptions: [Array],
      totalPremium: 0,
      status: 'DRAFT',
      quoteNumber: 'IQ-20250803042001-1666',
      validUntil: '2025-09-02T04:20:01.119131',
      createdAt: '2025-08-03T04:20:01.127118',
      updatedAt: '2025-08-03T04:20:01.127136'
    },
    {
      id: 2,
      businessInformation: [Object],
      coverageOptions: [Array],
      totalPremium: 0,
      status: 'DRAFT',
      quoteNumber: 'IQ-20250803034148-0709',
      validUntil: '2025-09-02T03:41:48.52605',
      createdAt: '2025-08-03T03:41:48.527779',
      updatedAt: '2025-08-03T03:41:48.527798'
    },
    {
      id: 1,
      businessInformation: [Object],
      coverageOptions: [Array],
      totalPremium: 0,
      status: 'DRAFT',
      quoteNumber: 'IQ-20250803034144-3473',
      validUntil: '2025-09-02T03:41:44.665319',
      createdAt: '2025-08-03T03:41:44.697868',
      updatedAt: '2025-08-03T03:41:44.697898'
    }
  ],
  pageable: {
    pageNumber: 0,
    pageSize: 20,
    sort: { sorted: true, unsorted: false, empty: false },
    offset: 0,
    paged: true,
    unpaged: false
  },
  totalPages: 1,
  totalElements: 3,
  last: true,
  first: true,
  size: 20,
  number: 0,
  sort: { sorted: true, unsorted: false, empty: false },
  numberOfElements: 3,
  empty: false
}
📋 Quotes set: [
  {
    id: 3,
    businessInformation: {
      id: 3,
      name: 'Test Save',
      businessType: 'RETAIL',
      industry: 'RETAIL_TRADE',
      state: 'CA',
      createdAt: '2025-08-03T04:20:01.123315',
      updatedAt: '2025-08-03T04:20:01.12334'
    },
    coverageOptions: [ [Object], [Object], [Object] ],
    totalPremium: 0,
    status: 'DRAFT',
    quoteNumber: 'IQ-20250803042001-1666',
    validUntil: '2025-09-02T04:20:01.119131',
    createdAt: '2025-08-03T04:20:01.127118',
    updatedAt: '2025-08-03T04:20:01.127136'
  },
  {
    id: 2,
    businessInformation: {
      id: 2,
      name: 'Test Company',
      businessType: 'RETAIL',
      industry: 'RETAIL_TRADE',
      state: 'CA',
      createdAt: '2025-08-03T03:41:48.526737',
      updatedAt: '2025-08-03T03:41:48.526769'
    },
    coverageOptions: [ [Object], [Object], [Object] ],
    totalPremium: 0,
    status: 'DRAFT',
    quoteNumber: 'IQ-20250803034148-0709',
    validUntil: '2025-09-02T03:41:48.52605',
    createdAt: '2025-08-03T03:41:48.527779',
    updatedAt: '2025-08-03T03:41:48.527798'
  },
  {
    id: 1,
    businessInformation: {
      id: 1,
      name: 'Test Company',
      businessType: 'RETAIL',
      industry: 'RETAIL_TRADE',
      state: 'CA',
      createdAt: '2025-08-03T03:41:44.680423',
      updatedAt: '2025-08-03T03:41:44.680486'
    },
    coverageOptions: [ [Object], [Object], [Object] ],
    totalPremium: 0,
    status: 'DRAFT',
    quoteNumber: 'IQ-20250803034144-3473',
    validUntil: '2025-09-02T03:41:44.665319',
    createdAt: '2025-08-03T03:41:44.697868',
    updatedAt: '2025-08-03T03:41:44.697898'
  }
]
